日誌文件: /home/node/.openclaw/workspace/memory/morning_newspaper_logs/morning_newspaper_20260226_000133.log

運行晨報編輯器...
開始生成溫馨晨報...
1. 收集天氣資訊...
2. 整理新聞內容...
3. 編寫各專欄...
4. 保存文件...

✅ 晨報生成完成！
📄 文本文件: /home/node/.openclaw/workspace/memory/morning_newspapers/morning_newspaper_20260226.txt
📊 元數據: /home/node/.openclaw/workspace/memory/morning_newspapers/morning_newspaper_20260226.json

📰 晨報預覽:
============================================================
📰 溫馨晨報 2026年02月26日 星期

🌤️ 【今日天氣】

大致多雲
溫度：22°C
濕度：75%
風速：東風 15 km/h

👚 穿衣建議：
🧥 薄外套剛剛好
👟 輕便鞋最適合

🚶 外出貼士：
⛅ 天氣穩定
可以出街飲茶
或者去街市買餸

💧 溫馨提示：
記得帶水出街
朝早同黃昏較涼


💰 【本港大事】

... (完整內容請查看文件)

生成完成時間: Thu Feb 26 00:01:42 UTC 2026
退出碼: 0
✅ 晨報生成成功: /home/node/.openclaw/workspace/memory/morning_newspapers/morning_newspaper_20260226.txt

📊 晨報統計:
• 行數: 126
• 文件大小: 4.0K

📤 準備發送到Telegram (7027796937)...
發送晨報內容...
內容長度: 2350 字符
💡 提示: 晨報已準備好發送
使用命令: message action=send to=7027796937 message="晨報內容"

🧹 已清理30天前的舊文件
