運行新聞報紙生成器...
開始生成每日新聞報紙...
1. 獲取新聞頭條...
警告: 無法從 reuters 獲取新聞: <urlopen error [Errno -2] Name or service not known>
2. 獲取天氣信息...
警告: 無法獲取天氣: <urlopen error timed out>
3. 獲取股市數據...
4. 生成報紙...
5. 保存文件...

✅ 報紙生成完成！
📄 文本文件: /home/node/.openclaw/workspace/memory/newspapers/newspaper_20260225.txt
📊 數據文件: /home/node/.openclaw/workspace/memory/newspapers/newspaper_20260225.json

📰 報紙預覽:
============================================================

================================================================================
                              📰 每日新聞摘要
================================================================================
                                2026年02月25日 星期三
================================================================================

🌤️ 天氣預報
--------------------------------------------------------------------------------
地點: 香港
天氣: 數據暫不可用

📈 金融市場
--------------------------------------------------------------------------------
HANG SENG INDEX      ^HSI       HK$26765.72 🟢+175.40 ( +0.66%)
S&P 500              ^GSPC      $ 6890.07 🟢 +52.32 ( +0.77%)
Apple Inc.           AAPL       $  272.14 🟢  +5.96 ( +2.24%)
Tesla, Inc.          TSLA       $  409.38 🟢  +9.55 ( +2.39%)
Tracker Fund Of Hong 2800.HK    HK$   26.98 🟢  +0.18 ( +0.67%)

================================================================================
📰 頭條新聞
--------------------------------------------------------------------------------
1. [BBC] BBC News

2. [BBC] 

3. [BBC] 

4. [BBC] 
... (完整內容請查看文件)

生成完成時間: Wed Feb 25 12:56:43 UTC 2026
退出碼: 0
✅ 今日報紙生成成功: /home/node/.openclaw/workspace/memory/newspapers/newspaper_20260225.txt

📰 今日報紙預覽:
=================

================================================================================
                              📰 每日新聞摘要
================================================================================
                                2026年02月25日 星期三
================================================================================

🌤️ 天氣預報
--------------------------------------------------------------------------------
地點: 香港
天氣: 數據暫不可用

📈 金融市場
--------------------------------------------------------------------------------
HANG SENG INDEX      ^HSI       HK$26765.72 🟢+175.40 ( +0.66%)
S&P 500              ^GSPC      $ 6890.07 🟢 +52.32 ( +0.77%)
Apple Inc.           AAPL       $  272.14 🟢  +5.96 ( +2.24%)
Tesla, Inc.          TSLA       $  409.38 🟢  +9.55 ( +2.39%)
Tracker Fund Of Hong 2800.HK    HK$   26.98 🟢  +0.18 ( +0.67%)


📊 報紙統計:
• 行數: 70
• 文件大小: 4.0K
• 生成時間: Wed Feb 25 12:56:43 UTC 2026

🧹 已清理30天前的舊文件
